<?xml version="1.0" encoding="UTF-8"?>
<!-- Generated by org.testng.reporters.JUnitXMLReporter -->
<testsuite ignored="0" hostname="hp-PC" failures="0" tests="1" name="Test-Runner_Chrome" time="108.925" errors="0" timestamp="2021-08-28T15:12:58 IST">
  <testcase classname="ExecutePomTest.PracticeBeforeTest" name="Cratetypetest" time="41.638"/>
</testsuite> <!-- Test-Runner_Chrome -->
