<?xml version="1.0" encoding="UTF-8"?>
<!-- Generated by org.testng.reporters.JUnitXMLReporter -->
<testsuite ignored="0" hostname="hp-PC" failures="0" tests="1" name="Test-Runner-2" time="53.996" errors="0" timestamp="2021-08-28T14:49:18 IST">
  <testcase classname="seleniumprojecttest1.TestcasesTest" name="createorg" time="53.881"/>
</testsuite> <!-- Test-Runner-2 -->
