<?xml version="1.0" encoding="UTF-8"?>
<!-- Generated by org.testng.reporters.JUnitXMLReporter -->
<testsuite ignored="0" hostname="hp-PC" failures="0" tests="3" name="Test-Runner-1" time="125.979" errors="0" timestamp="2021-08-28T14:50:30 IST">
  <testcase classname="ExecutePomTest.PracticeBeforeTest" name="Cratetypetest" time="34.504"/>
  <testcase classname="ExecutePomTest.PracticeBeforeTest" name="createTypeVerify" time="21.657"/>
  <testcase classname="ExecutePomTest.PracticeBeforeTest" name="createmembrertest" time="22.189"/>
</testsuite> <!-- Test-Runner-1 -->
