<?xml version="1.0" encoding="UTF-8"?>
<!-- Generated by org.testng.reporters.JUnitReportReporter -->
<testsuite hostname="hp-PC" failures="0" tests="1" name="TestNgTest.Sample" time="0.025" errors="0" timestamp="2021-08-28T14:03:42 IST" skipped="0">
  <testcase classname="TestNgTest.Sample" name="print" time="0.025"/>
  <system-out/>
</testsuite> <!-- TestNgTest.Sample -->
