<?xml version="1.0" encoding="UTF-8"?>
<!-- Generated by org.testng.reporters.JUnitReportReporter -->
<testsuite hostname="hp-PC" failures="0" tests="1" name="ExecutePomTest.TestscriptPom" time="40.288" errors="0" timestamp="2021-08-23T16:24:24 IST" skipped="0">
  <testcase classname="ExecutePomTest.TestscriptPom" name="createTypeVerify" time="40.288"/>
  <system-out/>
</testsuite> <!-- ExecutePomTest.TestscriptPom -->
