<?xml version="1.0" encoding="UTF-8"?>
<!-- Generated by org.testng.reporters.JUnitReportReporter -->
<testsuite hostname="hp-PC" failures="0" tests="3" name="ExecutePom.PracticeBeforeclass" time="127.794" errors="0" timestamp="2021-08-27T16:21:45 IST" skipped="0">
  <testcase classname="ExecutePom.PracticeBeforeclass" name="createmembrertest" time="39.723"/>
  <system-out/>
  <testcase classname="ExecutePom.PracticeBeforeclass" name="createTypeVerify" time="42.891"/>
  <system-out/>
  <testcase classname="ExecutePom.PracticeBeforeclass" name="Cratetypetest" time="45.180"/>
  <system-out/>
</testsuite> <!-- ExecutePom.PracticeBeforeclass -->
