<?xml version="1.0" encoding="UTF-8"?>
<!-- Generated by org.testng.reporters.JUnitReportReporter -->
<testsuite hostname="hp-PC" failures="0" tests="1" name="ExecutePomTest.TestscriptPom3" time="46.564" errors="0" timestamp="2021-08-22T01:28:34 IST" skipped="0">
  <testcase classname="ExecutePomTest.TestscriptPom3" name="creatingMemberOfTest" time="46.564"/>
  <system-out/>
</testsuite> <!-- ExecutePomTest.TestscriptPom3 -->
