<?xml version="1.0" encoding="UTF-8"?>
<!-- Generated by org.testng.reporters.JUnitReportReporter -->
<testsuite hostname="hp-PC" failures="0" tests="2" name="com.comcast.createcontact.Organizationframework" time="35.884" errors="0" timestamp="2021-08-25T14:44:04 IST" skipped="0">
  <testcase classname="com.comcast.createcontact.Organizationframework" name="home" time="19.591"/>
  <system-out/>
  <testcase classname="com.comcast.createcontact.Organizationframework" name="login" time="16.293"/>
  <system-out/>
</testsuite> <!-- com.comcast.createcontact.Organizationframework -->
