<?xml version="1.0" encoding="UTF-8"?>
<!-- Generated by org.testng.reporters.JUnitReportReporter -->
<testsuite hostname="hp-PC" failures="0" tests="1" name="seleniumprojecttest1.TestcasesTest" time="53.881" errors="0" timestamp="2021-08-28T14:50:30 IST" skipped="0">
  <testcase classname="seleniumprojecttest1.TestcasesTest" name="createorg" time="53.881"/>
  <system-out/>
</testsuite> <!-- seleniumprojecttest1.TestcasesTest -->
