<?xml version="1.0" encoding="UTF-8"?>
<!-- Generated by org.testng.reporters.JUnitReportReporter -->
<testsuite hostname="hp-PC" failures="0" tests="1" name="seleniumprojecttest1.TestscriptPom2Test" time="126.715" errors="0" timestamp="2021-08-28T14:34:25 IST" skipped="0">
  <testcase classname="seleniumprojecttest1.TestscriptPom2Test" name="createType" time="126.715"/>
  <system-out/>
</testsuite> <!-- seleniumprojecttest1.TestscriptPom2Test -->
