<?xml version="1.0" encoding="UTF-8"?>
<!-- Generated by org.testng.reporters.JUnitReportReporter -->
<testsuite hostname="hp-PC" failures="0" tests="1" name="seleniumprojecttest1.Testcases" time="40.201" errors="0" timestamp="2021-08-28T14:37:19 IST" skipped="0">
  <testcase classname="seleniumprojecttest1.Testcases" name="createorg" time="40.201"/>
  <system-out/>
</testsuite> <!-- seleniumprojecttest1.Testcases -->
