<?xml version="1.0" encoding="UTF-8"?>
<!-- Generated by org.testng.reporters.JUnitReportReporter -->
<testsuite hostname="hp-PC" failures="0" tests="1" name="TestNgTest.SampleTest" time="0.036" errors="0" timestamp="2021-08-20T09:14:03 IST" skipped="0">
  <testcase classname="TestNgTest.SampleTest" name="print" time="0.036"/>
  <system-out/>
</testsuite> <!-- TestNgTest.SampleTest -->
