<?xml version="1.0" encoding="UTF-8"?>
<!-- Generated by org.testng.reporters.JUnitReportReporter -->
<testsuite hostname="hp-PC" failures="0" tests="1" name="seleniumprojecttest1.Testcases" time="47.024" errors="0" timestamp="2021-08-28T15:44:46 IST" skipped="0">
  <testcase classname="seleniumprojecttest1.Testcases" name="createorg" time="47.024"/>
  <system-out/>
</testsuite> <!-- seleniumprojecttest1.Testcases -->
